"/opt/achronix/ACE_10_3_1/Achronix-linux/libraries/speedster7t/speedster7t_user_macros.sv"
"/home/dev/Dev/elastix_gemm/gemm/src/rtl/default_nettype.v"
"/home/dev/Dev/elastix_gemm/gemm/src/include/gemm_pkg.sv"
"/home/dev/Dev/elastix_gemm/gemm/src/rtl/reset_processor_v2.sv"
"/home/dev/Dev/elastix_gemm/gemm/src/rtl/shift_reg.sv"
"/home/dev/Dev/elastix_gemm/gemm/src/rtl/reg_control_block.sv"
"/home/dev/Dev/elastix_gemm/gemm/src/include/nap_interfaces.svh"
"/home/dev/Dev/elastix_gemm/gemm/src/include/reg_control_defines.svh"
"/home/dev/Dev/elastix_gemm/gemm/src/include/version_defines.svh"
"/home/dev/Dev/elastix_gemm/gemm/src/include/nap_interfaces.svh"
"/home/dev/Dev/elastix_gemm/gemm/src/rtl/axi_bram_responder.sv"
"/home/dev/Dev/elastix_gemm/gemm/src/include/nap_interfaces.svh"
"/home/dev/Dev/elastix_gemm/gemm/src/rtl/nap_initiator_wrapper.sv"
"/home/dev/Dev/elastix_gemm/gemm/src/include/nap_interfaces.svh"
"/home/dev/Dev/elastix_gemm/gemm/src/rtl/nap_responder_wrapper.sv"
"/home/dev/Dev/elastix_gemm/gemm/src/include/nap_interfaces.svh"
"/home/dev/Dev/elastix_gemm/gemm/src/rtl/cmd_fifo.sv"
"/home/dev/Dev/elastix_gemm/gemm/src/rtl/master_control.sv"
"/home/dev/Dev/elastix_gemm/gemm/src/rtl/dispatcher_bram_dual_read.sv"
"/home/dev/Dev/elastix_gemm/gemm/src/rtl/dispatcher_control.sv"
"/home/dev/Dev/elastix_gemm/gemm/src/include/nap_interfaces.svh"
"/home/dev/Dev/elastix_gemm/gemm/src/rtl/gfp8_bcv_controller.sv"
"/home/dev/Dev/elastix_gemm/gemm/src/rtl/gfp8_nv_dot.sv"
"/home/dev/Dev/elastix_gemm/gemm/src/rtl/gfp8_group_dot_mlp.sv"
"/home/dev/Dev/elastix_gemm/gemm/src/rtl/gfp8_to_fp16.sv"
"/home/dev/Dev/elastix_gemm/gemm/src/rtl/compute_engine_modular.sv"
"/home/dev/Dev/elastix_gemm/gemm/src/rtl/result_bram.sv"
"/home/dev/Dev/elastix_gemm/gemm/src/rtl/csr_to_fifo_bridge.sv"
"/home/dev/Dev/elastix_gemm/gemm/src/rtl/engine_top.sv"
"/home/dev/Dev/elastix_gemm/gemm/src/include/nap_interfaces.svh"
"/home/dev/Dev/elastix_gemm/gemm/src/rtl/irq_gen.sv"
"/home/dev/Dev/elastix_gemm/gemm/src/include/reg_control_defines.svh"
"/home/dev/Dev/elastix_gemm/gemm/src/rtl/msix_irq_handler.sv"
"/home/dev/Dev/elastix_gemm/gemm/src/include/nap_interfaces.svh"
"/home/dev/Dev/elastix_gemm/gemm/src/include/reg_control_defines.svh"
"/home/dev/Dev/elastix_gemm/gemm/src/rtl/flr_responder.sv"
"/home/dev/Dev/elastix_gemm/gemm/src/include/nap_interfaces.svh"
"/home/dev/Dev/elastix_gemm/gemm/src/rtl/elastix_gemm_top.sv"
"/home/dev/Dev/elastix_gemm/gemm/src/include/nap_interfaces.svh"
"/home/dev/Dev/elastix_gemm/gemm/src/include/reg_control_defines.svh"
"/home/dev/Dev/elastix_gemm/gemm/src/include/BW_BMC_IF.svp"
"/home/dev/Dev/elastix_gemm/gemm/src/include/vp815_rev0_led_defines.svh"
